<?xml version="1.0" encoding="UTF-8"?>
<!-- Generated by org.testng.reporters.JUnitReportReporter -->
<testsuite hostname="TYSS-Aniruddha-Das" failures="0" tests="1" name="tc_repository.ORG_03" time="23.161" errors="0" timestamp="2024-07-29T13:05:57 IST" skipped="0">
  <testcase classname="tc_repository.ORG_03" name="org_03" time="23.161"/>
  <system-out>
    <![CDATA[org_03 execution starts!!
org_03 execution pass!!]]>
  </system-out>
</testsuite> <!-- tc_repository.ORG_03 -->
