<?xml version="1.0" encoding="UTF-8"?>
<!-- Generated by org.testng.reporters.JUnitReportReporter -->
<testsuite hostname="TYSS-Aniruddha-Das" failures="0" tests="3" name="sample_Repo.Program3" time="0.007" errors="0" timestamp="2024-07-23T11:54:46 IST" skipped="0">
  <testcase classname="sample_Repo.Program3" name="createUseR" time="0.005"/>
  <system-out/>
  <testcase classname="sample_Repo.Program3" name="modifyUser" time="0.001"/>
  <system-out/>
  <testcase classname="sample_Repo.Program3" name="deleteUser" time="0.001"/>
  <system-out/>
</testsuite> <!-- sample_Repo.Program3 -->
