<?xml version="1.0" encoding="UTF-8"?>
<!-- Generated by org.testng.reporters.JUnitReportReporter -->
<testsuite hostname="TYSS-Aniruddha-Das" failures="0" tests="3" name="sample_Repo.Program1" time="0.009" errors="0" timestamp="2024-07-22T12:09:05 IST" skipped="0">
  <testcase classname="sample_Repo.Program1" name="deleteUser" time="0.007"/>
  <system-out/>
  <testcase classname="sample_Repo.Program1" name="modifyUser" time="0.001"/>
  <system-out/>
  <testcase classname="sample_Repo.Program1" name="createUseR" time="0.001"/>
  <system-out/>
</testsuite> <!-- sample_Repo.Program1 -->
