<?xml version="1.0" encoding="UTF-8"?>
<!-- Generated by org.testng.reporters.JUnitReportReporter -->
<testsuite hostname="TYSS-Aniruddha-Das" failures="0" tests="1" name="tc_repository.ORG_04" time="23.779" errors="0" timestamp="2024-07-29T13:05:57 IST" skipped="0">
  <testcase classname="tc_repository.ORG_04" name="org_04" time="23.779"/>
  <system-out>
    <![CDATA[org_04 execution starts!!
org_04 execution pass!!]]>
  </system-out>
</testsuite> <!-- tc_repository.ORG_04 -->
