<?xml version="1.0" encoding="UTF-8"?>
<!-- Generated by org.testng.reporters.JUnitReportReporter -->
<testsuite hostname="TYSS-Aniruddha-Das" failures="0" tests="1" name="sample_Repo.Program2" time="0.005" errors="0" timestamp="2024-07-23T11:27:10 IST" skipped="0">
  <testcase classname="sample_Repo.Program2" name="deleteUser" time="0.005"/>
  <system-out/>
</testsuite> <!-- sample_Repo.Program2 -->
