<?xml version="1.0" encoding="UTF-8"?>
<!-- Generated by org.testng.reporters.JUnitReportReporter -->
<testsuite hostname="TYSS-Aniruddha-Das" failures="0" tests="1" name="tc_repository.ORG_01" time="65.279" errors="0" timestamp="2024-07-30T11:30:05 IST" skipped="0">
  <testcase classname="tc_repository.ORG_01" name="org_01" time="65.279"/>
  <system-out/>
</testsuite> <!-- tc_repository.ORG_01 -->
